2025-05-10 21:43:00 | DEBUG | repo=pv243-a4m36jee-2016-security-seminar | action=pull
2025-11-24 08:15:00 | WARN | repo=pv243-a4m36jee-2016-security-seminar | action=commit
2025-04-02 10:52:00 | INFO | repo=pv243-a4m36jee-2016-security-seminar | action=commit
2025-10-07 18:47:00 | INFO | repo=pv243-a4m36jee-2016-security-seminar | action=commit
2025-10-12 12:43:00 | WARN | repo=pv243-a4m36jee-2016-security-seminar | action=commit
2025-02-10 12:26:00 | WARN | repo=pv243-a4m36jee-2016-security-seminar | action=commit
2025-06-26 10:36:00 | INFO | repo=pv243-a4m36jee-2016-security-seminar | action=commit
2025-04-21 21:11:00 | INFO | repo=pv243-a4m36jee-2016-security-seminar | action=commit
2025-12-06 20:52:00 | INFO | repo=pv243-a4m36jee-2016-security-seminar | action=commit
2025-10-01 16:54:00 | INFO | repo=pv243-a4m36jee-2016-security-seminar | action=test | passed=true
2025-02-22 08:59:00 | DEBUG | repo=pv243-a4m36jee-2016-security-seminar | action=pull
2025-02-27 12:32:00 | DEBUG | repo=pv243-a4m36jee-2016-security-seminar | action=commit
2025-05-13 20:25:00 | DEBUG | repo=pv243-a4m36jee-2016-security-seminar | action=test | passed=true
2025-02-10 14:23:00 | INFO | repo=pv243-a4m36jee-2016-security-seminar | action=commit
2025-08-24 21:27:00 | DEBUG | repo=pv243-a4m36jee-2016-security-seminar | action=commit
2025-07-07 16:27:00 | WARN | repo=pv243-a4m36jee-2016-security-seminar | action=test | passed=true
2025-06-23 21:25:00 | WARN | repo=pv243-a4m36jee-2016-security-seminar | action=commit
2025-06-27 17:47:00 | INFO | repo=pv243-a4m36jee-2016-security-seminar | action=edit | files=1
2025-10-22 16:59:00 | WARN | repo=pv243-a4m36jee-2016-security-seminar | action=commit
2025-08-17 14:39:00 | DEBUG | repo=pv243-a4m36jee-2016-security-seminar | action=commit
2025-05-20 10:56:00 | WARN | repo=pv243-a4m36jee-2016-security-seminar | action=commit
2025-08-14 08:52:00 | DEBUG | repo=pv243-a4m36jee-2016-security-seminar | action=commit
2025-02-02 13:41:00 | WARN | repo=pv243-a4m36jee-2016-security-seminar | action=commit
2025-09-20 16:58:00 | DEBUG | repo=pv243-a4m36jee-2016-security-seminar | action=commit
2025-12-12 16:10:00 | WARN | repo=pv243-a4m36jee-2016-security-seminar | action=commit
2025-03-08 20:15:00 | WARN | repo=pv243-a4m36jee-2016-security-seminar | action=commit
2025-08-11 07:23:00 | WARN | repo=pv243-a4m36jee-2016-security-seminar | action=commit
2025-07-01 14:20:00 | INFO | repo=pv243-a4m36jee-2016-security-seminar | action=test | passed=true
2025-11-09 17:19:00 | DEBUG | repo=pv243-a4m36jee-2016-security-seminar | action=commit
2025-05-11 09:05:00 | DEBUG | repo=pv243-a4m36jee-2016-security-seminar | action=commit
2025-07-05 20:52:00 | WARN | repo=pv243-a4m36jee-2016-security-seminar | action=pull
2025-10-15 12:10:00 | WARN | repo=pv243-a4m36jee-2016-security-seminar | action=commit
2025-02-20 17:05:00 | WARN | repo=pv243-a4m36jee-2016-security-seminar | action=commit
2025-09-27 11:32:00 | WARN | repo=pv243-a4m36jee-2016-security-seminar | action=commit
2025-02-09 12:40:00 | DEBUG | repo=pv243-a4m36jee-2016-security-seminar | action=commit
